<?xml version="1.0" encoding="UTF-8"?>
<testng-results ignored="0" total="2" passed="2" failed="0" skipped="0">
  <reporter-output>
  </reporter-output>
  <suite started-at="2023-03-09T12:22:14 IST" name="Default suite" finished-at="2023-03-09T12:22:29 IST" duration-ms="14267">
    <groups>
      <group name="cucumber">
        <method signature="AbstractTestNGCucumberTests.runScenario(io.cucumber.testng.PickleWrapper,io.cucumber.testng.FeatureWrapper)[pri:0, instance:TestRunner.TestRunner@6bbe85a8]" name="runScenario" class="io.cucumber.testng.AbstractTestNGCucumberTests"/>
      </group> <!-- cucumber -->
    </groups>
    <test started-at="2023-03-09T12:22:14 IST" name="Default test" finished-at="2023-03-09T12:22:29 IST" duration-ms="14267">
      <class name="TestRunner.TestRunner">
        <test-method is-config="true" signature="setUpClass(org.testng.ITestContext)[pri:0, instance:TestRunner.TestRunner@6bbe85a8]" started-at="2023-03-09T12:22:14 IST" name="setUpClass" finished-at="2023-03-09T12:22:15 IST" duration-ms="278" status="PASS">
          <params>
            <param index="0">
              <value>
                <![CDATA[org.testng.TestRunner@7bdf61ad]]>
              </value>
            </param>
          </params>
          <reporter-output>
          </reporter-output>
        </test-method> <!-- setUpClass -->
        <test-method signature="runScenario(io.cucumber.testng.PickleWrapper,io.cucumber.testng.FeatureWrapper)[pri:0, instance:TestRunner.TestRunner@6bbe85a8]" started-at="2023-03-09T12:22:15 IST" name="runScenario" description="Runs Cucumber Scenarios" data-provider="scenarios" finished-at="2023-03-09T12:22:24 IST" duration-ms="8918" status="PASS">
          <params>
            <param index="0">
              <value>
                <![CDATA["Book a phone in DemoBlaze"]]>
              </value>
            </param>
            <param index="1">
              <value>
                <![CDATA["Booking a products in DemoBlaze"]]>
              </value>
            </param>
          </params>
          <reporter-output>
          </reporter-output>
        </test-method> <!-- runScenario -->
        <test-method signature="runScenario(io.cucumber.testng.PickleWrapper,io.cucumber.testng.FeatureWrapper)[pri:0, instance:TestRunner.TestRunner@6bbe85a8]" started-at="2023-03-09T12:22:24 IST" name="runScenario" description="Runs Cucumber Scenarios" data-provider="scenarios" finished-at="2023-03-09T12:22:29 IST" duration-ms="5010" status="PASS">
          <params>
            <param index="0">
              <value>
                <![CDATA["Book a Laptop in DemoBlaze"]]>
              </value>
            </param>
            <param index="1">
              <value>
                <![CDATA["Booking a products in DemoBlaze"]]>
              </value>
            </param>
          </params>
          <reporter-output>
          </reporter-output>
        </test-method> <!-- runScenario -->
        <test-method is-config="true" signature="tearDownClass()[pri:0, instance:TestRunner.TestRunner@6bbe85a8]" started-at="2023-03-09T12:22:29 IST" name="tearDownClass" finished-at="2023-03-09T12:22:29 IST" duration-ms="10" status="PASS">
          <reporter-output>
          </reporter-output>
        </test-method> <!-- tearDownClass -->
      </class> <!-- TestRunner.TestRunner -->
    </test> <!-- Default test -->
  </suite> <!-- Default suite -->
</testng-results>
